Flutter crash report; please file at https://github.com/flutter/flutter/issues.

## command

flutter build bundle --target /home/aluno/AndroidStudioProjects/projetoPMovel/lib/main.dart --target-platform android-arm --filesystem-scheme org-dartlang-root --track-widget-creation --depfile /home/aluno/AndroidStudioProjects/projetoPMovel/build/app/intermediates/flutter/debug/android-arm/snapshot_blob.bin.d --asset-dir /home/aluno/AndroidStudioProjects/projetoPMovel/build/app/intermediates/flutter/debug/android-arm/flutter_assets --debug

## exception

FormatException: FormatException: No ':' on line (at offset 12)

```
#0      parse (package:package_config/packages_file.dart:53:7)
#1      _parse (package:flutter_tools/src/dart/package_map.dart:14:10)
#2      PackageMap.load (package:flutter_tools/src/dart/package_map.dart:37:14)
#3      PackageMap.map (package:flutter_tools/src/dart/package_map.dart:41:5)
#4      new PackageUriMapper (package:flutter_tools/src/compile.dart:163:84)
#5      PackageUriMapper.findUri (package:flutter_tools/src/compile.dart:204:12)
#6      KernelCompiler.compile (package:flutter_tools/src/compile.dart:297:34)
<asynchronous suspension>
#7      BundleBuilder.build (package:flutter_tools/src/bundle.dart:85:66)
<asynchronous suspension>
#8      BuildBundleCommand.runCommand (package:flutter_tools/src/commands/build_bundle.dart:116:25)
<asynchronous suspension>
#9      FlutterCommand.verifyThenRunCommand (package:flutter_tools/src/runner/flutter_command.dart:478:18)
<asynchronous suspension>
#10     FlutterCommand.run.<anonymous closure> (package:flutter_tools/src/runner/flutter_command.dart:383:33)
<asynchronous suspension>
#11     AppContext.run.<anonymous closure> (package:flutter_tools/src/base/context.dart:153:29)
<asynchronous suspension>
#12     _rootRun (dart:async/zone.dart:1124:13)
#13     _CustomZone.run (dart:async/zone.dart:1021:19)
#14     _runZoned (dart:async/zone.dart:1516:10)
#15     runZoned (dart:async/zone.dart:1463:12)
#16     AppContext.run (package:flutter_tools/src/base/context.dart:152:18)
<asynchronous suspension>
#17     FlutterCommand.run (package:flutter_tools/src/runner/flutter_command.dart:375:20)
#18     CommandRunner.runCommand (package:args/command_runner.dart:197:27)
<asynchronous suspension>
#19     FlutterCommandRunner.runCommand.<anonymous closure> (package:flutter_tools/src/runner/flutter_command_runner.dart:396:21)
<asynchronous suspension>
#20     AppContext.run.<anonymous closure> (package:flutter_tools/src/base/context.dart:153:29)
<asynchronous suspension>
#21     _rootRun (dart:async/zone.dart:1124:13)
#22     _CustomZone.run (dart:async/zone.dart:1021:19)
#23     _runZoned (dart:async/zone.dart:1516:10)
#24     runZoned (dart:async/zone.dart:1463:12)
#25     AppContext.run (package:flutter_tools/src/base/context.dart:152:18)
<asynchronous suspension>
#26     FlutterCommandRunner.runCommand (package:flutter_tools/src/runner/flutter_command_runner.dart:356:19)
<asynchronous suspension>
#27     CommandRunner.run.<anonymous closure> (package:args/command_runner.dart:112:25)
#28     new Future.sync (dart:async/future.dart:224:31)
#29     CommandRunner.run (package:args/command_runner.dart:112:14)
#30     FlutterCommandRunner.run (package:flutter_tools/src/runner/flutter_command_runner.dart:242:18)
#31     run.<anonymous closure>.<anonymous closure> (package:flutter_tools/runner.dart:62:22)
<asynchronous suspension>
#32     _rootRun (dart:async/zone.dart:1124:13)
#33     _CustomZone.run (dart:async/zone.dart:1021:19)
#34     _runZoned (dart:async/zone.dart:1516:10)
#35     runZoned (dart:async/zone.dart:1500:12)
#36     run.<anonymous closure> (package:flutter_tools/runner.dart:60:18)
<asynchronous suspension>
#37     AppContext.run.<anonymous closure> (package:flutter_tools/src/base/context.dart:153:29)
<asynchronous suspension>
#38     _rootRun (dart:async/zone.dart:1124:13)
#39     _CustomZone.run (dart:async/zone.dart:1021:19)
#40     _runZoned (dart:async/zone.dart:1516:10)
#41     runZoned (dart:async/zone.dart:1463:12)
#42     AppContext.run (package:flutter_tools/src/base/context.dart:152:18)
<asynchronous suspension>
#43     runInContext (package:flutter_tools/src/context_runner.dart:56:24)
<asynchronous suspension>
#44     run (package:flutter_tools/runner.dart:51:10)
#45     main (package:flutter_tools/executable.dart:62:9)
<asynchronous suspension>
#46     main (file:///home/aluno/develop/flutter/packages/flutter_tools/bin/flutter_tools.dart:8:3)
#47     _startIsolate.<anonymous closure> (dart:isolate-patch/isolate_patch.dart:299:32)
#48     _RawReceivePortImpl._handleMessage (dart:isolate-patch/isolate_patch.dart:172:12)
```

## flutter doctor

```
[✓] Flutter (Channel stable, v1.7.8+hotfix.4, on Linux, locale pt_BR.UTF-8)
    • Flutter version 1.7.8+hotfix.4 at /home/aluno/develop/flutter
    • Framework revision 20e59316b8 (5 semanas atrás), 2019-07-18 20:04:33 -0700
    • Engine revision fee001c93f
    • Dart version 2.4.0

[!] Android toolchain - develop for Android devices (Android SDK version 28.0.3)
    • Android SDK at /home/aluno/Android/Sdk
    • Android NDK location not configured (optional; useful for native profiling support)
    • Platform android-28, build-tools 28.0.3
    • Java binary at: /opt/android-studio/jre/bin/java
    • Java version OpenJDK Runtime Environment (build 1.8.0_152-release-1343-b16-5323222)
    ! Some Android licenses not accepted.  To resolve this, run: flutter doctor --android-licenses

[✓] Android Studio (version 3.4)
    • Android Studio at /opt/android-studio
    • Flutter plugin version 37.1.1
    • Dart plugin version 183.6270
    • Java version OpenJDK Runtime Environment (build 1.8.0_152-release-1343-b16-5323222)

[!] VS Code (version 1.36.1)
    • VS Code at /usr/share/code
    ✗ Flutter extension not installed; install from
      https://marketplace.visualstudio.com/items?itemName=Dart-Code.flutter

[✓] Connected device (1 available)
    • SM J260M • 42003c220065360d • android-arm • Android 8.1.0 (API 27)

! Doctor found issues in 2 categories.
```
